<?xml version="1.0" encoding="UTF-8"?>
<!-- Generated by org.testng.reporters.JUnitXMLReporter -->
<testsuite ignored="3" hostname="WIN-PPQ5E7M2C6T" failures="0" tests="6" name="Surefire test" time="12.179" errors="0" timestamp="2022-09-26T15:33:39 MSK">
  <testcase classname="tests.common.EuroCurrencyTest" name="checkEuroCurrencyIsChosen" time="3.25"/>
  <testcase classname="tests.common.LoginTest" name="checkLoginIsSuccessful" time="5.912"/>
  <testcase classname="tests.common.SearchFlatTest" name="checkIsRedirectToListing" time="2.895"/>
  <testcase classname="tests.common.SOUTTest" name="SOUTTest" time="0.0"/>
  <testcase classname="tests.common.SOUTTest" name="SOUTTest" time="0.0"/>
  <testcase classname="tests.common.SOUTTest" name="SOUTTest" time="0.0"/>
  <testcase classname="tests.base.BaseTest" name="@AfterSuite quite" time="0.0">
    <ignored/>
  </testcase> <!-- @AfterSuite quite -->
  <testcase classname="tests.base.BaseTest" name="@AfterSuite quite" time="0.0">
    <ignored/>
  </testcase> <!-- @AfterSuite quite -->
  <testcase classname="tests.base.BaseTest" name="@AfterSuite quite" time="0.0">
    <ignored/>
  </testcase> <!-- @AfterSuite quite -->
</testsuite> <!-- Surefire test -->
