<?xml version="1.0" encoding="UTF-8"?>
<!-- Generated by org.testng.reporters.JUnitXMLReporter -->
<testsuite ignored="5" hostname="WIN-PPQ5E7M2C6T" failures="0" tests="9" name="Surefire test" time="39.28" errors="0" timestamp="2022-10-01T00:20:37 MSK">
  <testcase classname="io.cucumber.testng.AbstractTestNGCucumberTests" name="runScenario" time="0.094"/>
  <testcase classname="tests.common.CookieTest" name="workWithCookie" time="20.215"/>
  <testcase classname="tests.common.EuroCurrencyTest" name="checkEuroCurrencyIsChosen" time="2.775"/>
  <testcase classname="tests.common.FlatSaleTest" name="errorMessageIsAppearedForUnverifiedPhone" time="8.039"/>
  <testcase classname="tests.common.LoginTest" name="checkLoginIsSuccessful" time="5.13"/>
  <testcase classname="tests.common.SearchFlatTest" name="checkIsRedirectToListing" time="2.708"/>
  <testcase classname="tests.common.SOUTTest" name="SOUTTest" time="0.001"/>
  <testcase classname="tests.common.SOUTTest" name="SOUTTest" time="0.001"/>
  <testcase classname="tests.common.SOUTTest" name="SOUTTest" time="0.0"/>
  <testcase classname="tests.base.BaseTest" name="@AfterSuite quite" time="0.0">
    <ignored/>
  </testcase> <!-- @AfterSuite quite -->
  <testcase classname="tests.base.BaseTest" name="@AfterSuite quite" time="0.0">
    <ignored/>
  </testcase> <!-- @AfterSuite quite -->
  <testcase classname="tests.base.BaseTest" name="@AfterSuite quite" time="0.0">
    <ignored/>
  </testcase> <!-- @AfterSuite quite -->
  <testcase classname="tests.base.BaseTest" name="@AfterSuite quite" time="0.0">
    <ignored/>
  </testcase> <!-- @AfterSuite quite -->
  <testcase classname="tests.base.BaseTest" name="@AfterSuite quite" time="0.0">
    <ignored/>
  </testcase> <!-- @AfterSuite quite -->
</testsuite> <!-- Surefire test -->
