<?xml version="1.0" encoding="UTF-8"?>
<testsuite xmlns:xsi="http://www.w3.org/2001/XMLSchema-instance" xsi:noNamespaceSchemaLocation="https://maven.apache.org/surefire/maven-surefire-plugin/xsd/surefire-test-report.xsd" name="TestSuite" time="15.511" tests="6" errors="0" skipped="0" failures="0">
  <properties>
[...]
</properties>
  <testcase name="checkEuroCurrencyIsChosen" classname="tests.common.EuroCurrencyTest" time="3.306"/>
  <testcase name="checkLoginIsSuccessful" classname="tests.common.LoginTest" time="5.914"/>
  <testcase name="checkIsRedirectToListing" classname="tests.common.SearchFlatTest" time="2.896"/>
  <testcase name="SOUTTest" classname="tests.common.SOUTTest" time="0"/>
  <testcase name="SOUTTest" classname="tests.common.SOUTTest" time="0"/>
  <testcase name="SOUTTest" classname="tests.common.SOUTTest" time="0.008"/>
</testsuite>