<?xml version="1.0" encoding="UTF-8"?>
<testng-results ignored="1" total="3" passed="2" failed="0" skipped="0">
  <reporter-output>
  </reporter-output>
  <suite started-at="2022-09-01T20:57:59 MSK" name="All Test Suite" finished-at="2022-09-01T20:58:09 MSK" duration-ms="10079">
    <groups>
    </groups>
    <test started-at="2022-09-01T20:57:59 MSK" name="Search" finished-at="2022-09-01T20:58:09 MSK" duration-ms="10079">
      <class name="tests.searchflats.LoginTest">
        <test-method signature="checkLoginIsSuccessful()[pri:0, instance:tests.searchflats.LoginTest@5238896f]" started-at="2022-09-01T20:58:03 MSK" name="checkLoginIsSuccessful" finished-at="2022-09-01T20:58:09 MSK" duration-ms="5663" status="PASS">
          <reporter-output>
          </reporter-output>
        </test-method> <!-- checkLoginIsSuccessful -->
      </class> <!-- tests.searchflats.LoginTest -->
      <class name="tests.searchflats.SearchFlatTest">
        <test-method signature="checkIsRedirectToListing()[pri:0, instance:tests.searchflats.SearchFlatTest@149d7cc6]" started-at="2022-09-01T20:57:59 MSK" name="checkIsRedirectToListing" finished-at="2022-09-01T20:58:03 MSK" duration-ms="4294" status="PASS">
          <reporter-output>
          </reporter-output>
        </test-method> <!-- checkIsRedirectToListing -->
        <test-method is-config="true" signature="quite()[pri:0, instance:tests.searchflats.SearchFlatTest@149d7cc6]" started-at="2022-09-01T20:58:09 MSK" name="quite" finished-at="2022-09-01T20:58:09 MSK" duration-ms="152" status="PASS">
          <reporter-output>
          </reporter-output>
        </test-method> <!-- quite -->
      </class> <!-- tests.searchflats.SearchFlatTest -->
    </test> <!-- Search -->
  </suite> <!-- All Test Suite -->
</testng-results>
