<?xml version="1.0" encoding="UTF-8"?>
<testsuite xmlns:xsi="http://www.w3.org/2001/XMLSchema-instance" xsi:noNamespaceSchemaLocation="https://maven.apache.org/surefire/maven-surefire-plugin/xsd/surefire-test-report-3.0.xsd" version="3.0" name="TestSuite" time="16.104" tests="1" errors="0" skipped="0" failures="1">
  <properties>
[...]
</properties>
  <testcase name="checkIsRedirectToListing" classname="tests.searchflats.SearchFlatTest" time="12.664">
    <failure message="expected [21] but found [20]" type="java.lang.AssertionError"><![CDATA[java.lang.AssertionError: expected [21] but found [20]
	at org.testng.Assert.fail(Assert.java:110)
	at org.testng.Assert.failNotEquals(Assert.java:1413)
	at org.testng.Assert.assertEqualsImpl(Assert.java:149)
	at org.testng.Assert.assertEquals(Assert.java:131)
	at org.testng.Assert.assertEquals(Assert.java:1240)
	at org.testng.Assert.assertEquals(Assert.java:1274)
	at org.testng.asserts.Assertion$27.doAssert(Assertion.java:348)
	at org.testng.asserts.Assertion.executeAssert(Assertion.java:25)
	at org.testng.asserts.Assertion.doAssert(Assertion.java:12)
	at org.testng.asserts.Assertion.assertEquals(Assertion.java:344)
	at pages.listing.RealtListingPage.checkCountCards(RealtListingPage.java:20)
	at tests.searchflats.SearchFlatTest.checkIsRedirectToListing(SearchFlatTest.java:19)
	at java.base/jdk.internal.reflect.NativeMethodAccessorImpl.invoke0(Native Method)
	at java.base/jdk.internal.reflect.NativeMethodAccessorImpl.invoke(NativeMethodAccessorImpl.java:77)
	at java.base/jdk.internal.reflect.DelegatingMethodAccessorImpl.invoke(DelegatingMethodAccessorImpl.java:43)
	at java.base/java.lang.reflect.Method.invoke(Method.java:568)
	at org.testng.internal.invokers.MethodInvocationHelper.invokeMethod(MethodInvocationHelper.java:139)
	at org.testng.internal.invokers.TestInvoker.invokeMethod(TestInvoker.java:677)
	at org.testng.internal.invokers.TestInvoker.invokeTestMethod(TestInvoker.java:221)
	at org.testng.internal.invokers.MethodRunner.runInSequence(MethodRunner.java:50)
	at org.testng.internal.invokers.TestInvoker$MethodInvocationAgent.invoke(TestInvoker.java:962)
	at org.testng.internal.invokers.TestInvoker.invokeTestMethods(TestInvoker.java:194)
	at org.testng.internal.invokers.TestMethodWorker.invokeTestMethods(TestMethodWorker.java:148)
	at org.testng.internal.invokers.TestMethodWorker.run(TestMethodWorker.java:128)
	at java.base/java.util.ArrayList.forEach(ArrayList.java:1511)
	at org.testng.TestRunner.privateRun(TestRunner.java:806)
	at org.testng.TestRunner.run(TestRunner.java:601)
	at org.testng.SuiteRunner.runTest(SuiteRunner.java:433)
	at org.testng.SuiteRunner.runSequentially(SuiteRunner.java:427)
	at org.testng.SuiteRunner.privateRun(SuiteRunner.java:387)
	at org.testng.SuiteRunner.run(SuiteRunner.java:330)
	at org.testng.SuiteRunnerWorker.runSuite(SuiteRunnerWorker.java:52)
	at org.testng.SuiteRunnerWorker.run(SuiteRunnerWorker.java:95)
	at org.testng.TestNG.runSuitesSequentially(TestNG.java:1256)
	at org.testng.TestNG.runSuitesLocally(TestNG.java:1176)
	at org.testng.TestNG.runSuites(TestNG.java:1099)
	at org.testng.TestNG.run(TestNG.java:1067)
	at org.apache.maven.surefire.testng.TestNGExecutor.run(TestNGExecutor.java:324)
	at org.apache.maven.surefire.testng.TestNGXmlTestSuite.execute(TestNGXmlTestSuite.java:74)
	at org.apache.maven.surefire.testng.TestNGProvider.invoke(TestNGProvider.java:123)
	at org.apache.maven.surefire.booter.ForkedBooter.runSuitesInProcess(ForkedBooter.java:456)
	at org.apache.maven.surefire.booter.ForkedBooter.execute(ForkedBooter.java:169)
	at org.apache.maven.surefire.booter.ForkedBooter.run(ForkedBooter.java:595)
	at org.apache.maven.surefire.booter.ForkedBooter.main(ForkedBooter.java:581)
]]></failure>
    <system-err><![CDATA[SLF4J: Failed to load class "org.slf4j.impl.StaticLoggerBinder".
SLF4J: Defaulting to no-operation (NOP) logger implementation
SLF4J: See http://www.slf4j.org/codes.html#StaticLoggerBinder for further details.
1657635538825	geckodriver	INFO	Listening on 127.0.0.1:53462
1657635539024	mozrunner::runner	INFO	Running command: "C:\\Program Files\\Mozilla Firefox\\firefox.exe" "--marionette" "--remote-debugging-port" "60593" "--remote-allow-hosts" "localhost" "--remote-allow-origins" "http://localhost:60593/" "-no-remote" "-profile" "C:\\Users\\user\\AppData\\Local\\Temp\\rust_mozprofileacUHMf"
1657635539264	Marionette	INFO	Marionette enabled
1657635539268	Marionette	INFO	Listening on port 57505
WebDriver BiDi listening on ws://localhost:60593
Read port: 57505
1657635539479	RemoteAgent	WARN	TLS certificate errors will be ignored for this session
console.warn: SearchSettings: "get: No settings file exists, new profile?" (new NotFoundError("Could not open the file at C:\\Users\\user\\AppData\\Local\\Temp\\rust_mozprofileacUHMf\\search.json.mozlz4", (void 0)))
DevTools listening on ws://localhost:60593/devtools/browser/0d89b9e7-9d49-46b1-8d22-0254ed99768b
июл. 12, 2022 5:19:00 PM org.openqa.selenium.remote.ProtocolHandshake createSession
INFO: Detected upstream dialect: W3C
JavaScript warning: https://cdn.jsdelivr.net/g/jquery@1.10.0,cookies.js@1.2.2,jquery.metadata@2.0,jquery.timing@0.1,jquery.form@3.51,mousewheel@3.1.9,jquery.easing@1.3(jquery.easing.1.3.min.js),jquery.maskedinput@1.4.1,validation@1.11.1,postscribe@1.3.2, line 3: Using //@ to indicate sourceMappingURL pragmas is deprecated. Use //# instead
JavaScript warning: https://mc.yandex.ru/metrika/tag.js, line 18: WEBGL_debug_renderer_info is deprecated in Firefox and will be removed. Please use RENDERER.
console.warn: LoginRecipes: "getRecipes: falling back to a synchronous message for:" "https://realt.by"
console.warn: LoginRecipes: "getRecipes: falling back to a synchronous message for:" "https://realt.by"
console.warn: LoginRecipes: "getRecipes: falling back to a synchronous message for:" "https://realt.by"
console.warn: LoginRecipes: "getRecipes: falling back to a synchronous message for:" "https://realt.by"
console.warn: LoginRecipes: "getRecipes: falling back to a synchronous message for:" "https://realt.by"
console.warn: LoginRecipes: "getRecipes: falling back to a synchronous message for:" "https://realt.by"
JavaScript error: https://cdn.jsdelivr.net/g/jquery@1.10.0,cookies.js@1.2.2,jquery.metadata@2.0,jquery.timing@0.1,jquery.form@3.51,mousewheel@3.1.9,jquery.easing@1.3(jquery.easing.1.3.min.js),jquery.maskedinput@1.4.1,validation@1.11.1,postscribe@1.3.2, line 77: uncaught exception: [object Object]
JavaScript error: https://cdn.jsdelivr.net/g/jquery@1.10.0,cookies.js@1.2.2,jquery.metadata@2.0,jquery.timing@0.1,jquery.form@3.51,mousewheel@3.1.9,jquery.easing@1.3(jquery.easing.1.3.min.js),jquery.maskedinput@1.4.1,validation@1.11.1,postscribe@1.3.2, line 77: uncaught exception: [object Object]
JavaScript warning: https://cdn.jsdelivr.net/g/jquery@1.10.0,cookies.js@1.2.2,jquery.metadata@2.0,jquery.timing@0.1,jquery.form@3.51,mousewheel@3.1.9,jquery.easing@1.3(jquery.easing.1.3.min.js),jquery.maskedinput@1.4.1,validation@1.11.1,postscribe@1.3.2, line 3: Using //@ to indicate sourceMappingURL pragmas is deprecated. Use //# instead
]]></system-err>
  </testcase>
</testsuite>