<?xml version="1.0" encoding="UTF-8"?>
<testng-results ignored="5" total="14" passed="9" failed="0" skipped="0">
  <reporter-output>
  </reporter-output>
  <suite started-at="2022-10-01T00:19:57 MSK" name="Surefire suite" finished-at="2022-10-01T00:20:37 MSK" duration-ms="39280">
    <groups>
      <group name="cucumber">
        <method signature="AbstractTestNGCucumberTests.runScenario(io.cucumber.testng.PickleWrapper,io.cucumber.testng.FeatureWrapper)[pri:0, instance:runner.CucumberRunnerTests@759d81f3]" name="runScenario" class="io.cucumber.testng.AbstractTestNGCucumberTests"/>
      </group> <!-- cucumber -->
    </groups>
    <test started-at="2022-10-01T00:19:57 MSK" name="Surefire test" finished-at="2022-10-01T00:20:37 MSK" duration-ms="39280">
      <class name="tests.common.EuroCurrencyTest">
        <test-method signature="checkEuroCurrencyIsChosen()[pri:0, instance:tests.common.EuroCurrencyTest@1124910c]" started-at="2022-10-01T00:20:18 MSK" name="checkEuroCurrencyIsChosen" description="Euro" finished-at="2022-10-01T00:20:21 MSK" duration-ms="2775" status="PASS">
          <reporter-output>
          </reporter-output>
        </test-method> <!-- checkEuroCurrencyIsChosen -->
      </class> <!-- tests.common.EuroCurrencyTest -->
      <class name="tests.common.LoginTest">
        <test-method signature="checkLoginIsSuccessful()[pri:0, instance:tests.common.LoginTest@4a9869a8]" started-at="2022-10-01T00:20:29 MSK" name="checkLoginIsSuccessful" finished-at="2022-10-01T00:20:34 MSK" duration-ms="5130" status="PASS">
          <reporter-output>
          </reporter-output>
        </test-method> <!-- checkLoginIsSuccessful -->
      </class> <!-- tests.common.LoginTest -->
      <class name="tests.common.FlatSaleTest">
        <test-method signature="errorMessageIsAppearedForUnverifiedPhone()[pri:0, instance:tests.common.FlatSaleTest@f849027]" started-at="2022-10-01T00:20:21 MSK" name="errorMessageIsAppearedForUnverifiedPhone" finished-at="2022-10-01T00:20:29 MSK" duration-ms="8039" status="PASS">
          <reporter-output>
          </reporter-output>
        </test-method> <!-- errorMessageIsAppearedForUnverifiedPhone -->
      </class> <!-- tests.common.FlatSaleTest -->
      <class name="tests.common.CookieTest">
        <test-method signature="workWithCookie()[pri:0, instance:tests.common.CookieTest@e162a35]" started-at="2022-10-01T00:19:58 MSK" name="workWithCookie" finished-at="2022-10-01T00:20:18 MSK" duration-ms="20215" status="PASS">
          <reporter-output>
          </reporter-output>
        </test-method> <!-- workWithCookie -->
      </class> <!-- tests.common.CookieTest -->
      <class name="tests.common.SOUTTest">
        <test-method signature="SOUTTest(java.lang.String,java.lang.String)[pri:0, instance:tests.common.SOUTTest@40f9f60d]" started-at="2022-10-01T00:20:37 MSK" name="SOUTTest" data-provider="dataProviderMethod" finished-at="2022-10-01T00:20:37 MSK" duration-ms="1" status="PASS">
          <params>
            <param index="0">
              <value>
                <![CDATA[1]]>
              </value>
            </param>
            <param index="1">
              <value>
                <![CDATA[string]]>
              </value>
            </param>
          </params>
          <reporter-output>
          </reporter-output>
        </test-method> <!-- SOUTTest -->
        <test-method signature="SOUTTest(java.lang.String,java.lang.String)[pri:0, instance:tests.common.SOUTTest@40f9f60d]" started-at="2022-10-01T00:20:37 MSK" name="SOUTTest" data-provider="dataProviderMethod" finished-at="2022-10-01T00:20:37 MSK" duration-ms="1" status="PASS">
          <params>
            <param index="0">
              <value>
                <![CDATA[2]]>
              </value>
            </param>
            <param index="1">
              <value>
                <![CDATA[string1]]>
              </value>
            </param>
          </params>
          <reporter-output>
          </reporter-output>
        </test-method> <!-- SOUTTest -->
        <test-method signature="SOUTTest(java.lang.String,java.lang.String)[pri:0, instance:tests.common.SOUTTest@40f9f60d]" started-at="2022-10-01T00:20:37 MSK" name="SOUTTest" data-provider="dataProviderMethod" finished-at="2022-10-01T00:20:37 MSK" duration-ms="0" status="PASS">
          <params>
            <param index="0">
              <value>
                <![CDATA[3]]>
              </value>
            </param>
            <param index="1">
              <value>
                <![CDATA[string3]]>
              </value>
            </param>
          </params>
          <reporter-output>
          </reporter-output>
        </test-method> <!-- SOUTTest -->
      </class> <!-- tests.common.SOUTTest -->
      <class name="runner.CucumberRunnerTests">
        <test-method is-config="true" signature="setUpClass(org.testng.ITestContext)[pri:0, instance:runner.CucumberRunnerTests@759d81f3]" started-at="2022-10-01T00:19:57 MSK" name="setUpClass" finished-at="2022-10-01T00:19:58 MSK" duration-ms="211" status="PASS">
          <params>
            <param index="0">
              <value>
                <![CDATA[org.testng.TestRunner@ae74eef]]>
              </value>
            </param>
          </params>
          <reporter-output>
          </reporter-output>
        </test-method> <!-- setUpClass -->
        <test-method signature="runScenario(io.cucumber.testng.PickleWrapper,io.cucumber.testng.FeatureWrapper)[pri:0, instance:runner.CucumberRunnerTests@759d81f3]" started-at="2022-10-01T00:19:58 MSK" name="runScenario" description="Runs Cucumber Scenarios" data-provider="scenarios" finished-at="2022-10-01T00:19:58 MSK" duration-ms="94" status="PASS">
          <params>
            <param index="0">
              <value>
                <![CDATA["cucumber setup"]]>
              </value>
            </param>
            <param index="1">
              <value>
                <![CDATA["To test my cucumber test is running"]]>
              </value>
            </param>
          </params>
          <reporter-output>
          </reporter-output>
        </test-method> <!-- runScenario -->
        <test-method is-config="true" signature="tearDownClass()[pri:0, instance:runner.CucumberRunnerTests@759d81f3]" started-at="2022-10-01T00:19:58 MSK" name="tearDownClass" finished-at="2022-10-01T00:19:58 MSK" duration-ms="6" status="PASS">
          <reporter-output>
          </reporter-output>
        </test-method> <!-- tearDownClass -->
      </class> <!-- runner.CucumberRunnerTests -->
      <class name="tests.base.BaseTest">
        <test-method is-config="true" signature="quite()[pri:0, instance:tests.base.BaseTest@6a51ae7c]" started-at="2022-10-01T00:20:37 MSK" name="quite" finished-at="2022-10-01T00:20:37 MSK" duration-ms="208" status="PASS">
          <reporter-output>
          </reporter-output>
        </test-method> <!-- quite -->
      </class> <!-- tests.base.BaseTest -->
      <class name="tests.common.SearchFlatTest">
        <test-method signature="checkIsRedirectToListing()[pri:0, instance:tests.common.SearchFlatTest@75e0a54c]" started-at="2022-10-01T00:20:34 MSK" name="checkIsRedirectToListing" finished-at="2022-10-01T00:20:37 MSK" duration-ms="2708" status="PASS">
          <reporter-output>
          </reporter-output>
        </test-method> <!-- checkIsRedirectToListing -->
      </class> <!-- tests.common.SearchFlatTest -->
    </test> <!-- Surefire test -->
  </suite> <!-- Surefire suite -->
</testng-results>
