<?xml version="1.0" encoding="UTF-8"?>
<!-- Generated by org.testng.reporters.JUnitXMLReporter -->
<testsuite ignored="1" hostname="WIN-PPQ5E7M2C6T" failures="0" tests="2" name="Search" time="10.079" errors="0" timestamp="2022-09-01T20:58:09 MSK">
  <testcase classname="tests.searchflats.SearchFlatTest" name="checkIsRedirectToListing" time="4.294"/>
  <testcase classname="tests.searchflats.LoginTest" name="checkLoginIsSuccessful" time="5.663"/>
  <testcase classname="tests.base.BaseTest" name="@AfterSuite quite" time="0.0">
    <ignored/>
  </testcase> <!-- @AfterSuite quite -->
</testsuite> <!-- Search -->
